<?xml version="1.0" encoding="UTF-8"?>
<!-- Generated by org.testng.reporters.JUnitReportReporter -->
<testsuite hostname="LAPTOP-A89LP3BC" failures="0" tests="1" name="SeleniumProject.SeleniumProject.PolicyTest" time="2.639" errors="0" timestamp="2023-11-11T14:57:14 IST" skipped="0">
  <testcase classname="SeleniumProject.SeleniumProject.PolicyTest" name="testGoogle" time="2.639"/>
  <system-out/>
</testsuite> <!-- SeleniumProject.SeleniumProject.PolicyTest -->
